<?xml version="1.0" encoding="UTF-8"?>
<!-- Generated by org.testng.reporters.JUnitReportReporter -->
<testsuite hostname="DESKTOP-H91P481" failures="0" tests="1" name="testcase.KPOS.Promotion.KM_hanghoa_giamgiahang01" time="68.275" errors="0" timestamp="2024-12-08T20:56:11 GMT+07:00" skipped="0">
  <testcase classname="testcase.KPOS.Promotion.KM_hanghoa_giamgiahang01" name="TC01_KM_hanghoa_giamgiahang_theosl" time="68.275"/>
</testsuite> <!-- testcase.KPOS.Promotion.KM_hanghoa_giamgiahang01 -->
